This file contains any messages produced by compilers while
running configure, to aid debugging if configure makes a mistake.

It was created by udis86 configure 1.7.2, which was
generated by GNU Autoconf 2.69.  Invocation command line was

  $ ./configure --with-python=/usr/bin/python3

## --------- ##
## Platform. ##
## --------- ##

hostname = 27d7927d7439
uname -m = x86_64
uname -r = 5.3.0-1032-aws
uname -s = Linux
uname -v = #34~18.04.2-Ubuntu SMP Fri Jul 24 10:06:28 UTC 2020

/usr/bin/uname -p = x86_64
/bin/uname -X     = unknown

/bin/arch              = x86_64
/usr/bin/arch -k       = unknown
/usr/convex/getsysinfo = unknown
/usr/bin/hostinfo      = unknown
/bin/machine           = unknown
/usr/bin/oslevel       = unknown
/bin/universe          = unknown

PATH: /usr/local/sbin
PATH: /usr/local/bin
PATH: /usr/sbin
PATH: /usr/bin
PATH: /sbin
PATH: /bin


## ----------- ##
## Core tests. ##
## ----------- ##

configure:2505: checking build system type
configure:2519: result: x86_64-unknown-linux-gnu
configure:2539: checking host system type
configure:2552: result: x86_64-unknown-linux-gnu
configure:2899: checking for a BSD-compatible install
configure:2967: result: /usr/bin/install -c
configure:2978: checking whether build environment is sane
configure:3033: result: yes
configure:3182: checking for a thread-safe mkdir -p
configure:3221: result: /usr/bin/mkdir -p
configure:3228: checking for gawk
configure:3258: result: no
configure:3228: checking for mawk
configure:3244: found /usr/bin/mawk
configure:3255: result: mawk
configure:3266: checking whether make sets $(MAKE)
configure:3288: result: yes
configure:3317: checking whether make supports nested variables
configure:3334: result: yes
configure:3475: checking for gcc
configure:3491: found /usr/bin/gcc
configure:3502: result: gcc
configure:3731: checking for C compiler version
configure:3740: gcc --version >&5
gcc (Ubuntu 9.4.0-1ubuntu1~20.04.1) 9.4.0
Copyright (C) 2019 Free Software Foundation, Inc.
This is free software; see the source for copying conditions.  There is NO
warranty; not even for MERCHANTABILITY or FITNESS FOR A PARTICULAR PURPOSE.

configure:3751: $? = 0
configure:3740: gcc -v >&5
Using built-in specs.
COLLECT_GCC=gcc
COLLECT_LTO_WRAPPER=/usr/lib/gcc/x86_64-linux-gnu/9/lto-wrapper
OFFLOAD_TARGET_NAMES=nvptx-none:hsa
OFFLOAD_TARGET_DEFAULT=1
Target: x86_64-linux-gnu
Configured with: ../src/configure -v --with-pkgversion='Ubuntu 9.4.0-1ubuntu1~20.04.1' --with-bugurl=file:///usr/share/doc/gcc-9/README.Bugs --enable-languages=c,ada,c++,go,brig,d,fortran,objc,obj-c++,gm2 --prefix=/usr --with-gcc-major-version-only --program-suffix=-9 --program-prefix=x86_64-linux-gnu- --enable-shared --enable-linker-build-id --libexecdir=/usr/lib --without-included-gettext --enable-threads=posix --libdir=/usr/lib --enable-nls --enable-clocale=gnu --enable-libstdcxx-debug --enable-libstdcxx-time=yes --with-default-libstdcxx-abi=new --enable-gnu-unique-object --disable-vtable-verify --enable-plugin --enable-default-pie --with-system-zlib --with-target-system-zlib=auto --enable-objc-gc=auto --enable-multiarch --disable-werror --with-arch-32=i686 --with-abi=m64 --with-multilib-list=m32,m64,mx32 --enable-multilib --with-tune=generic --enable-offload-targets=nvptx-none=/build/gcc-9-Av3uEd/gcc-9-9.4.0/debian/tmp-nvptx/usr,hsa --without-cuda-driver --enable-checking=release --build=x86_64-linux-gnu --host=x86_64-linux-gnu --target=x86_64-linux-gnu
Thread model: posix
gcc version 9.4.0 (Ubuntu 9.4.0-1ubuntu1~20.04.1) 
configure:3751: $? = 0
configure:3740: gcc -V >&5
gcc: error: unrecognized command line option '-V'
gcc: fatal error: no input files
compilation terminated.
configure:3751: $? = 1
configure:3740: gcc -qversion >&5
gcc: error: unrecognized command line option '-qversion'; did you mean '--version'?
gcc: fatal error: no input files
compilation terminated.
configure:3751: $? = 1
configure:3771: checking whether the C compiler works
configure:3793: gcc    conftest.c  >&5
configure:3797: $? = 0
configure:3845: result: yes
configure:3848: checking for C compiler default output file name
configure:3850: result: a.out
configure:3856: checking for suffix of executables
configure:3863: gcc -o conftest    conftest.c  >&5
configure:3867: $? = 0
configure:3889: result: 
configure:3911: checking whether we are cross compiling
configure:3919: gcc -o conftest    conftest.c  >&5
configure:3923: $? = 0
configure:3930: ./conftest
configure:3934: $? = 0
configure:3922: result: no
configure:3927: checking for suffix of object files
configure:3949: gcc -c   conftest.c >&5
configure:3953: $? = 0
configure:3974: result: o
configure:3978: checking whether we are using the GNU C compiler
configure:3997: gcc -c   conftest.c >&5
configure:3997: $? = 0
configure:4006: result: yes
configure:4015: checking whether gcc accepts -g
configure:4035: gcc -c -g  conftest.c >&5
configure:4035: $? = 0
configure:4076: result: yes
configure:4093: checking for gcc option to accept ISO C89
configure:4156: gcc  -c -g -O2  conftest.c >&5
configure:4156: $? = 0
configure:4169: result: none needed
configure:4200: checking for style of include used by make
configure:4228: result: GNU
configure:4254: checking dependency style of gcc
configure:4365: result: gcc3
configure:4457: checking how to print strings
configure:4484: result: printf
configure:4505: checking for a sed that does not truncate output
configure:4569: result: /usr/bin/sed
configure:4587: checking for grep that handles long lines and -e
configure:4645: result: /usr/bin/grep
configure:4650: checking for egrep
configure:4712: result: /usr/bin/grep -E
configure:4717: checking for fgrep
configure:4779: result: /usr/bin/grep -F
configure:4814: checking for ld used by gcc
configure:4881: result: /usr/bin/ld
configure:4888: checking if the linker (/usr/bin/ld) is GNU ld
configure:4903: result: yes
configure:4915: checking for BSD- or MS-compatible name lister (nm)
configure:4964: result: /usr/bin/nm -B
configure:5094: checking the name lister (/usr/bin/nm -B) interface
configure:5101: gcc -c -g -O2  conftest.c >&5
configure:5104: /usr/bin/nm -B "conftest.o"
configure:5107: output
0000000000000000 B some_variable
configure:5108: result: BSD nm
configure:5111: checking whether ln -s works
configure:5115: result: yes
configure:5123: checking the maximum length of command line arguments
configure:5253: result: 1572864
configure:5270: checking whether the shell understands some XSI constructs
configure:5279: result: yes
configure:5283: checking whether the shell understands "+="
configure:5287: result: yes
configure:5322: checking how to convert x86_64-unknown-linux-gnu file names to x86_64-unknown-linux-gnu format
configure:5362: result: func_convert_file_noop
configure:5369: checking how to convert x86_64-unknown-linux-gnu file names to toolchain format
configure:5389: result: func_convert_file_noop
configure:5396: checking for /usr/bin/ld option to reload object files
configure:5403: result: -r
configure:5477: checking for objdump
configure:5493: found /usr/bin/objdump
configure:5504: result: objdump
configure:5533: checking how to recognize dependent libraries
configure:5735: result: pass_all
configure:5820: checking for dlltool
configure:5850: result: no
configure:5877: checking how to associate runtime and link libraries
configure:5904: result: printf %s\n
configure:5965: checking for ar
configure:5981: found /usr/bin/ar
configure:5992: result: ar
configure:6029: checking for archiver @FILE support
configure:6046: gcc -c -g -O2  conftest.c >&5
configure:6046: $? = 0
configure:6049: ar cru libconftest.a @conftest.lst >&5
ar: `u' modifier ignored since `D' is the default (see `U')
configure:6052: $? = 0
configure:6057: ar cru libconftest.a @conftest.lst >&5
ar: `u' modifier ignored since `D' is the default (see `U')
ar: conftest.o: No such file or directory
configure:6060: $? = 1
configure:6059: result: @
configure:6117: checking for strip
configure:6133: found /usr/bin/strip
configure:6144: result: strip
configure:6216: checking for ranlib
configure:6232: found /usr/bin/ranlib
configure:6243: result: ranlib
configure:6345: checking command to parse /usr/bin/nm -B output from gcc object
configure:6465: gcc -c -g -O2  conftest.c >&5
configure:6468: $? = 0
configure:6472: /usr/bin/nm -B conftest.o \| sed -n -e 's/^.*[ ]\([ABCDGIRSTW][ABCDGIRSTW]*\)[ ][ ]*\([_A-Za-z][_A-Za-z0-9]*\)$/\1 \2 \2/p' | sed '/ __gnu_lto/d' \> conftest.nm
configure:6475: $? = 0
configure:6541: gcc -o conftest -g -O2   conftest.c conftstm.o >&5
configure:6544: $? = 0
configure:6582: result: ok
configure:6619: checking for sysroot
configure:6649: result: no
configure:6726: gcc -c -g -O2  conftest.c >&5
configure:6729: $? = 0
configure:6905: checking for mt
configure:6935: result: no
configure:6955: checking if : is a manifest tool
configure:6961: : '-?'
configure:6969: result: no
configure:7611: checking how to run the C preprocessor
configure:7642: gcc -E  conftest.c
configure:7642: $? = 0
configure:7656: gcc -E  conftest.c
conftest.c:11:10: fatal error: ac_nonexistent.h: No such file or directory
   11 | #include <ac_nonexistent.h>
      |          ^~~~~~~~~~~~~~~~~~
compilation terminated.
configure:7656: $? = 1
configure: failed program was:
| /* confdefs.h */
| #define PACKAGE_NAME "udis86"
| #define PACKAGE_TARNAME "udis86"
| #define PACKAGE_VERSION "1.7.2"
| #define PACKAGE_STRING "udis86 1.7.2"
| #define PACKAGE_BUGREPORT "vivek.mt@gmail.com"
| #define PACKAGE_URL ""
| #define PACKAGE "udis86"
| #define VERSION "1.7.2"
| /* end confdefs.h.  */
| #include <ac_nonexistent.h>
configure:7681: result: gcc -E
configure:7701: gcc -E  conftest.c
configure:7701: $? = 0
configure:7715: gcc -E  conftest.c
conftest.c:11:10: fatal error: ac_nonexistent.h: No such file or directory
   11 | #include <ac_nonexistent.h>
      |          ^~~~~~~~~~~~~~~~~~
compilation terminated.
configure:7715: $? = 1
configure: failed program was:
| /* confdefs.h */
| #define PACKAGE_NAME "udis86"
| #define PACKAGE_TARNAME "udis86"
| #define PACKAGE_VERSION "1.7.2"
| #define PACKAGE_STRING "udis86 1.7.2"
| #define PACKAGE_BUGREPORT "vivek.mt@gmail.com"
| #define PACKAGE_URL ""
| #define PACKAGE "udis86"
| #define VERSION "1.7.2"
| /* end confdefs.h.  */
| #include <ac_nonexistent.h>
configure:7744: checking for ANSI C header files
configure:7764: gcc -c -g -O2  conftest.c >&5
configure:7764: $? = 0
configure:7837: gcc -o conftest -g -O2   conftest.c  >&5
configure:7837: $? = 0
configure:7837: ./conftest
configure:7837: $? = 0
configure:7848: result: yes
configure:7861: checking for sys/types.h
configure:7861: gcc -c -g -O2  conftest.c >&5
configure:7861: $? = 0
configure:7861: result: yes
configure:7861: checking for sys/stat.h
configure:7861: gcc -c -g -O2  conftest.c >&5
configure:7861: $? = 0
configure:7861: result: yes
configure:7861: checking for stdlib.h
configure:7861: gcc -c -g -O2  conftest.c >&5
configure:7861: $? = 0
configure:7861: result: yes
configure:7861: checking for string.h
configure:7861: gcc -c -g -O2  conftest.c >&5
configure:7861: $? = 0
configure:7861: result: yes
configure:7861: checking for memory.h
configure:7861: gcc -c -g -O2  conftest.c >&5
configure:7861: $? = 0
configure:7861: result: yes
configure:7861: checking for strings.h
configure:7861: gcc -c -g -O2  conftest.c >&5
configure:7861: $? = 0
configure:7861: result: yes
configure:7861: checking for inttypes.h
configure:7861: gcc -c -g -O2  conftest.c >&5
configure:7861: $? = 0
configure:7861: result: yes
configure:7861: checking for stdint.h
configure:7861: gcc -c -g -O2  conftest.c >&5
configure:7861: $? = 0
configure:7861: result: yes
configure:7861: checking for unistd.h
configure:7861: gcc -c -g -O2  conftest.c >&5
configure:7861: $? = 0
configure:7861: result: yes
configure:7875: checking for dlfcn.h
configure:7875: gcc -c -g -O2  conftest.c >&5
configure:7875: $? = 0
configure:7875: result: yes
configure:8049: checking for objdir
configure:8064: result: .libs
configure:8335: checking if gcc supports -fno-rtti -fno-exceptions
configure:8353: gcc -c -g -O2  -fno-rtti -fno-exceptions conftest.c >&5
cc1: warning: command line option '-fno-rtti' is valid for C++/D/ObjC++ but not for C
configure:8357: $? = 0
configure:8370: result: no
configure:8697: checking for gcc option to produce PIC
configure:8704: result: -fPIC -DPIC
configure:8712: checking if gcc PIC flag -fPIC -DPIC works
configure:8730: gcc -c -g -O2  -fPIC -DPIC -DPIC conftest.c >&5
configure:8734: $? = 0
configure:8747: result: yes
configure:8776: checking if gcc static flag -static works
configure:8804: result: yes
configure:8819: checking if gcc supports -c -o file.o
configure:8840: gcc -c -g -O2  -o out/conftest2.o conftest.c >&5
configure:8844: $? = 0
configure:8866: result: yes
configure:8874: checking if gcc supports -c -o file.o
configure:8921: result: yes
configure:8954: checking whether the gcc linker (/usr/bin/ld -m elf_x86_64) supports shared libraries
configure:10107: result: yes
configure:10347: checking dynamic linker characteristics
configure:10858: gcc -o conftest -g -O2   -Wl,-rpath -Wl,/foo conftest.c  >&5
configure:10858: $? = 0
configure:11080: result: GNU/Linux ld.so
configure:11187: checking how to hardcode library paths into programs
configure:11212: result: immediate
configure:11752: checking whether stripping libraries is possible
configure:11757: result: yes
configure:11792: checking if libtool supports shared libraries
configure:11794: result: yes
configure:11797: checking whether to build shared libraries
configure:11818: result: no
configure:11821: checking whether to build static libraries
configure:11825: result: yes
configure:8901: checking whether gcc and cc understand -c and -o together
configure:8932: gcc -c conftest.c -o conftest2.o >&5
configure:8936: $? = 0
configure:8942: gcc -c conftest.c -o conftest2.o >&5
configure:8946: $? = 0
configure:8957: cc -c conftest.c >&5
configure:8961: $? = 0
configure:8969: cc -c conftest.c -o conftest2.o >&5
configure:8973: $? = 0
configure:8979: cc -c conftest.c -o conftest2.o >&5
configure:8983: $? = 0
configure:9001: result: yes
configure:9046: checking whether python executable path has been provided
configure:9055: result: /usr/bin/python3
configure:9183: checking whether yasm executable path has been provided
configure:9249: result: no
configure:9253: checking for yasm
configure:9286: result: no
configure:9367: WARNING: could not find the yasm
configure:9395: checking whether sphinx-build executable path has been provided
configure:9461: result: no
configure:9465: checking for sphinx-build
configure:9498: result: no
configure:9579: WARNING: could not find the sphinx documentation tool
configure:9597: checking assert.h usability
configure:9597: gcc -c -g -O2 -Wall  conftest.c >&5
configure:9597: $? = 0
configure:9597: result: yes
configure:9597: checking assert.h presence
configure:9597: gcc -E  conftest.c
configure:9597: $? = 0
configure:9597: result: yes
configure:9597: checking for assert.h
configure:9597: result: yes
configure:9597: checking stdio.h usability
configure:9597: gcc -c -g -O2 -Wall  conftest.c >&5
configure:9597: $? = 0
configure:9597: result: yes
configure:9597: checking stdio.h presence
configure:9597: gcc -E  conftest.c
configure:9597: $? = 0
configure:9597: result: yes
configure:9597: checking for stdio.h
configure:9597: result: yes
configure:9712: checking that generated files are newer than configure
configure:9718: result: done
configure:9753: creating ./config.status

## ---------------------- ##
## Running config.status. ##
## ---------------------- ##

This file was extended by udis86 config.status 1.7.2, which was
generated by GNU Autoconf 2.69.  Invocation command line was

  CONFIG_FILES    = 
  CONFIG_HEADERS  = 
  CONFIG_LINKS    = 
  CONFIG_COMMANDS = 
  $ ./config.status 

on 27d7927d7439

config.status:1101: creating Makefile
config.status:1101: creating scripts/Makefile
config.status:1101: creating libudis86/Makefile
config.status:1101: creating udcli/Makefile
config.status:1101: creating tests/Makefile
config.status:1101: creating docs/Makefile
config.status:1101: creating docs/manual/Makefile
config.status:1101: creating docs/x86/Makefile
config.status:1101: creating tests/difftest.sh
config.status:1101: creating config.h
config.status:1330: executing depfiles commands
config.status:1330: executing libtool commands

## ---------------- ##
## Cache variables. ##
## ---------------- ##

ac_cv_build=x86_64-unknown-linux-gnu
ac_cv_c_compiler_gnu=yes
ac_cv_env_CC_set=
ac_cv_env_CC_value=
ac_cv_env_CFLAGS_set=
ac_cv_env_CFLAGS_value=
ac_cv_env_CPPFLAGS_set=
ac_cv_env_CPPFLAGS_value=
ac_cv_env_CPP_set=
ac_cv_env_CPP_value=
ac_cv_env_LDFLAGS_set=
ac_cv_env_LDFLAGS_value=
ac_cv_env_LIBS_set=
ac_cv_env_LIBS_value=
ac_cv_env_PYTHON_set=
ac_cv_env_PYTHON_value=
ac_cv_env_SPHINX_BUILD_set=
ac_cv_env_SPHINX_BUILD_value=
ac_cv_env_YASM_set=
ac_cv_env_YASM_value=
ac_cv_env_build_alias_set=
ac_cv_env_build_alias_value=
ac_cv_env_host_alias_set=
ac_cv_env_host_alias_value=
ac_cv_env_target_alias_set=
ac_cv_env_target_alias_value=
ac_cv_header_assert_h=yes
ac_cv_header_dlfcn_h=yes
ac_cv_header_inttypes_h=yes
ac_cv_header_memory_h=yes
ac_cv_header_stdc=yes
ac_cv_header_stdint_h=yes
ac_cv_header_stdio_h=yes
ac_cv_header_stdlib_h=yes
ac_cv_header_string_h=yes
ac_cv_header_strings_h=yes
ac_cv_header_sys_stat_h=yes
ac_cv_header_sys_types_h=yes
ac_cv_header_unistd_h=yes
ac_cv_host=x86_64-unknown-linux-gnu
ac_cv_objext=o
ac_cv_path_EGREP='/usr/bin/grep -E'
ac_cv_path_FGREP='/usr/bin/grep -F'
ac_cv_path_GREP=/usr/bin/grep
ac_cv_path_SED=/usr/bin/sed
ac_cv_path_install='/usr/bin/install -c'
ac_cv_path_mkdir=/usr/bin/mkdir
ac_cv_prog_AWK=mawk
ac_cv_prog_CPP='gcc -E'
ac_cv_prog_ac_ct_AR=ar
ac_cv_prog_ac_ct_CC=gcc
ac_cv_prog_ac_ct_OBJDUMP=objdump
ac_cv_prog_ac_ct_RANLIB=ranlib
ac_cv_prog_ac_ct_STRIP=strip
ac_cv_prog_cc_c89=
ac_cv_prog_cc_g=yes
ac_cv_prog_cc_gcc_c_o=yes
ac_cv_prog_make_make_set=yes
am_cv_CC_dependencies_compiler_type=gcc3
am_cv_make_support_nested_variables=yes
lt_cv_ar_at_file=@
lt_cv_deplibs_check_method=pass_all
lt_cv_file_magic_cmd='$MAGIC_CMD'
lt_cv_file_magic_test_file=
lt_cv_ld_reload_flag=-r
lt_cv_nm_interface='BSD nm'
lt_cv_objdir=.libs
lt_cv_path_LD=/usr/bin/ld
lt_cv_path_NM='/usr/bin/nm -B'
lt_cv_path_mainfest_tool=no
lt_cv_prog_compiler_c_o=yes
lt_cv_prog_compiler_pic='-fPIC -DPIC'
lt_cv_prog_compiler_pic_works=yes
lt_cv_prog_compiler_rtti_exceptions=no
lt_cv_prog_compiler_static_works=yes
lt_cv_prog_gnu_ld=yes
lt_cv_sharedlib_from_linklib_cmd='printf %s\n'
lt_cv_shlibpath_overrides_runpath=yes
lt_cv_sys_global_symbol_pipe='sed -n -e '\''s/^.*[	 ]\([ABCDGIRSTW][ABCDGIRSTW]*\)[	 ][	 ]*\([_A-Za-z][_A-Za-z0-9]*\)$/\1 \2 \2/p'\'' | sed '\''/ __gnu_lto/d'\'''
lt_cv_sys_global_symbol_to_c_name_address='sed -n -e '\''s/^: \([^ ]*\)[ ]*$/  {\"\1\", (void *) 0},/p'\'' -e '\''s/^[ABCDGIRSTW]* \([^ ]*\) \([^ ]*\)$/  {"\2", (void *) \&\2},/p'\'''
lt_cv_sys_global_symbol_to_c_name_address_lib_prefix='sed -n -e '\''s/^: \([^ ]*\)[ ]*$/  {\"\1\", (void *) 0},/p'\'' -e '\''s/^[ABCDGIRSTW]* \([^ ]*\) \(lib[^ ]*\)$/  {"\2", (void *) \&\2},/p'\'' -e '\''s/^[ABCDGIRSTW]* \([^ ]*\) \([^ ]*\)$/  {"lib\2", (void *) \&\2},/p'\'''
lt_cv_sys_global_symbol_to_cdecl='sed -n -e '\''s/^T .* \(.*\)$/extern int \1();/p'\'' -e '\''s/^[ABCDGIRSTW]* .* \(.*\)$/extern char \1;/p'\'''
lt_cv_sys_max_cmd_len=1572864
lt_cv_to_host_file_cmd=func_convert_file_noop
lt_cv_to_tool_file_cmd=func_convert_file_noop

## ----------------- ##
## Output variables. ##
## ----------------- ##

ACLOCAL='${SHELL} /alx-low_level_programming/0x0F-function_pointers/udis86-1.7.2/build/missing aclocal-1.13'
ACLOCAL_AMFLAGS='-I  ${ACLOCAL_FLAGS}'
AMDEPBACKSLASH='\'
AMDEP_FALSE='#'
AMDEP_TRUE=''
AMTAR='$${TAR-tar}'
AM_BACKSLASH='\'
AM_DEFAULT_V='$(AM_DEFAULT_VERBOSITY)'
AM_DEFAULT_VERBOSITY='1'
AM_V='$(V)'
AR='ar'
AS=''
AUTOCONF='${SHELL} /alx-low_level_programming/0x0F-function_pointers/udis86-1.7.2/build/missing autoconf'
AUTOHEADER='${SHELL} /alx-low_level_programming/0x0F-function_pointers/udis86-1.7.2/build/missing autoheader'
AUTOMAKE='${SHELL} /alx-low_level_programming/0x0F-function_pointers/udis86-1.7.2/build/missing automake-1.13'
AWK='mawk'
CC='gcc'
CCDEPMODE='depmode=gcc3'
CFLAGS='-g -O2 -Wall'
CPP='gcc -E'
CPPFLAGS=''
CYGPATH_W='echo'
DEFS='-DHAVE_CONFIG_H'
DEPDIR='.deps'
DLLTOOL='false'
DSYMUTIL=''
DUMPBIN=''
ECHO_C=''
ECHO_N='-n'
ECHO_T=''
EGREP='/usr/bin/grep -E'
EXEEXT=''
FGREP='/usr/bin/grep -F'
GREP='/usr/bin/grep'
HAVE_SPHINX_DOC_FALSE=''
HAVE_SPHINX_DOC_TRUE='#'
HAVE_YASM_FALSE=''
HAVE_YASM_TRUE='#'
INSTALL_DATA='${INSTALL} -m 644'
INSTALL_PROGRAM='${INSTALL}'
INSTALL_SCRIPT='${INSTALL}'
INSTALL_STRIP_PROGRAM='$(install_sh) -c -s'
LD='/usr/bin/ld -m elf_x86_64'
LDFLAGS=''
LIBOBJS=''
LIBS=''
LIBTOOL='$(SHELL) $(top_builddir)/libtool'
LIPO=''
LN_S='ln -s'
LTLIBOBJS=''
MAKEINFO='${SHELL} /alx-low_level_programming/0x0F-function_pointers/udis86-1.7.2/build/missing makeinfo'
MANIFEST_TOOL=':'
MKDIR_P='/usr/bin/mkdir -p'
NM='/usr/bin/nm -B'
NMEDIT=''
OBJDUMP='objdump'
OBJEXT='o'
OTOOL64=''
OTOOL=''
PACKAGE='udis86'
PACKAGE_BUGREPORT='vivek.mt@gmail.com'
PACKAGE_NAME='udis86'
PACKAGE_STRING='udis86 1.7.2'
PACKAGE_TARNAME='udis86'
PACKAGE_URL=''
PACKAGE_VERSION='1.7.2'
PATH_SEPARATOR=':'
PYTHON='/usr/bin/python3'
RANLIB='ranlib'
SED='/usr/bin/sed'
SET_MAKE=''
SHELL='/bin/bash'
SPHINX_BUILD=''
SPHINX_VERSION=''
STRIP='strip'
TARGET_WINDOWS_FALSE=''
TARGET_WINDOWS_TRUE='#'
VERSION='1.7.2'
YASM=''
YASM_VERSION=''
ac_ct_AR='ar'
ac_ct_CC='gcc'
ac_ct_DUMPBIN=''
am__EXEEXT_FALSE=''
am__EXEEXT_TRUE='#'
am__fastdepCC_FALSE='#'
am__fastdepCC_TRUE=''
am__include='include'
am__isrc=''
am__leading_dot='.'
am__nodep='_no'
am__quote=''
am__tar='$${TAR-tar} chof - "$$tardir"'
am__untar='$${TAR-tar} xf -'
bindir='${exec_prefix}/bin'
build='x86_64-unknown-linux-gnu'
build_alias=''
build_cpu='x86_64'
build_os='linux-gnu'
build_vendor='unknown'
datadir='${datarootdir}'
datarootdir='${prefix}/share'
docdir='${datarootdir}/doc/${PACKAGE_TARNAME}'
dvidir='${docdir}'
exec_prefix='${prefix}'
host='x86_64-unknown-linux-gnu'
host_alias=''
host_cpu='x86_64'
host_os='linux-gnu'
host_vendor='unknown'
htmldir='${docdir}'
includedir='${prefix}/include'
infodir='${datarootdir}/info'
install_sh='${SHELL} /alx-low_level_programming/0x0F-function_pointers/udis86-1.7.2/build/install-sh'
libdir='${exec_prefix}/lib'
libexecdir='${exec_prefix}/libexec'
localedir='${datarootdir}/locale'
localstatedir='${prefix}/var'
mandir='${datarootdir}/man'
mkdir_p='$(MKDIR_P)'
oldincludedir='/usr/include'
pdfdir='${docdir}'
prefix='/usr/local'
program_transform_name='s,x,x,'
psdir='${docdir}'
runstatedir='${localstatedir}/run'
sbindir='${exec_prefix}/sbin'
sharedstatedir='${prefix}/com'
sysconfdir='${prefix}/etc'
target_alias=''

## ----------- ##
## confdefs.h. ##
## ----------- ##

/* confdefs.h */
#define PACKAGE_NAME "udis86"
#define PACKAGE_TARNAME "udis86"
#define PACKAGE_VERSION "1.7.2"
#define PACKAGE_STRING "udis86 1.7.2"
#define PACKAGE_BUGREPORT "vivek.mt@gmail.com"
#define PACKAGE_URL ""
#define PACKAGE "udis86"
#define VERSION "1.7.2"
#define STDC_HEADERS 1
#define HAVE_SYS_TYPES_H 1
#define HAVE_SYS_STAT_H 1
#define HAVE_STDLIB_H 1
#define HAVE_STRING_H 1
#define HAVE_MEMORY_H 1
#define HAVE_STRINGS_H 1
#define HAVE_INTTYPES_H 1
#define HAVE_STDINT_H 1
#define HAVE_UNISTD_H 1
#define HAVE_DLFCN_H 1
#define LT_OBJDIR ".libs/"
#define HAVE_ASSERT_H 1
#define HAVE_STDIO_H 1

configure: exit 0
